mode: set
github.com/awsl-project/maxx/internal/stats/aggregator.go:14.90,18.2 1 0
github.com/awsl-project/maxx/internal/stats/aggregator.go:21.46,23.2 1 0
github.com/awsl-project/maxx/internal/stats/pure.go:35.93,37.11 2 1
github.com/awsl-project/maxx/internal/stats/pure.go:38.32,39.33 1 1
github.com/awsl-project/maxx/internal/stats/pure.go:40.30,41.31 1 1
github.com/awsl-project/maxx/internal/stats/pure.go:42.29,43.66 1 1
github.com/awsl-project/maxx/internal/stats/pure.go:44.30,47.19 2 1
github.com/awsl-project/maxx/internal/stats/pure.go:47.19,49.4 1 1
github.com/awsl-project/maxx/internal/stats/pure.go:50.3,50.78 1 1
github.com/awsl-project/maxx/internal/stats/pure.go:51.31,52.60 1 1
github.com/awsl-project/maxx/internal/stats/pure.go:53.30,54.52 1 1
github.com/awsl-project/maxx/internal/stats/pure.go:55.10,56.31 1 1
github.com/awsl-project/maxx/internal/stats/pure.go:63.90,64.23 1 1
github.com/awsl-project/maxx/internal/stats/pure.go:64.23,66.3 1 1
github.com/awsl-project/maxx/internal/stats/pure.go:68.2,79.28 3 1
github.com/awsl-project/maxx/internal/stats/pure.go:79.28,93.21 4 1
github.com/awsl-project/maxx/internal/stats/pure.go:93.21,95.4 1 1
github.com/awsl-project/maxx/internal/stats/pure.go:96.3,96.17 1 1
github.com/awsl-project/maxx/internal/stats/pure.go:96.17,98.4 1 1
github.com/awsl-project/maxx/internal/stats/pure.go:100.3,100.33 1 1
github.com/awsl-project/maxx/internal/stats/pure.go:100.33,110.4 9 1
github.com/awsl-project/maxx/internal/stats/pure.go:110.9,130.4 1 1
github.com/awsl-project/maxx/internal/stats/pure.go:133.2,134.29 2 1
github.com/awsl-project/maxx/internal/stats/pure.go:134.29,136.3 1 1
github.com/awsl-project/maxx/internal/stats/pure.go:137.2,137.15 1 1
github.com/awsl-project/maxx/internal/stats/pure.go:143.105,144.21 1 1
github.com/awsl-project/maxx/internal/stats/pure.go:144.21,146.3 1 1
github.com/awsl-project/maxx/internal/stats/pure.go:148.2,159.26 3 1
github.com/awsl-project/maxx/internal/stats/pure.go:159.26,172.40 3 1
github.com/awsl-project/maxx/internal/stats/pure.go:172.40,182.4 9 1
github.com/awsl-project/maxx/internal/stats/pure.go:182.9,202.4 1 1
github.com/awsl-project/maxx/internal/stats/pure.go:205.2,206.29 2 1
github.com/awsl-project/maxx/internal/stats/pure.go:206.29,208.3 1 1
github.com/awsl-project/maxx/internal/stats/pure.go:209.2,209.15 1 1
github.com/awsl-project/maxx/internal/stats/pure.go:214.73,227.34 3 1
github.com/awsl-project/maxx/internal/stats/pure.go:227.34,228.27 1 1
github.com/awsl-project/maxx/internal/stats/pure.go:228.27,240.39 2 1
github.com/awsl-project/maxx/internal/stats/pure.go:240.39,250.5 9 1
github.com/awsl-project/maxx/internal/stats/pure.go:250.10,254.5 2 1
github.com/awsl-project/maxx/internal/stats/pure.go:258.2,259.27 2 1
github.com/awsl-project/maxx/internal/stats/pure.go:259.27,261.3 1 1
github.com/awsl-project/maxx/internal/stats/pure.go:262.2,262.15 1 1
github.com/awsl-project/maxx/internal/stats/pure.go:268.140,269.26 1 1
github.com/awsl-project/maxx/internal/stats/pure.go:269.26,278.3 8 1
github.com/awsl-project/maxx/internal/stats/pure.go:279.2,279.8 1 1
github.com/awsl-project/maxx/internal/stats/pure.go:284.83,287.26 2 1
github.com/awsl-project/maxx/internal/stats/pure.go:287.26,288.24 1 1
github.com/awsl-project/maxx/internal/stats/pure.go:288.24,289.12 1 1
github.com/awsl-project/maxx/internal/stats/pure.go:292.3,292.47 1 1
github.com/awsl-project/maxx/internal/stats/pure.go:292.47,301.4 8 1
github.com/awsl-project/maxx/internal/stats/pure.go:301.9,313.4 1 1
github.com/awsl-project/maxx/internal/stats/pure.go:317.2,317.28 1 1
github.com/awsl-project/maxx/internal/stats/pure.go:317.28,318.27 1 1
github.com/awsl-project/maxx/internal/stats/pure.go:318.27,320.4 1 1
github.com/awsl-project/maxx/internal/stats/pure.go:323.2,323.15 1 1
github.com/awsl-project/maxx/internal/stats/pure.go:327.97,329.26 2 1
github.com/awsl-project/maxx/internal/stats/pure.go:329.26,330.25 1 1
github.com/awsl-project/maxx/internal/stats/pure.go:330.25,332.4 1 1
github.com/awsl-project/maxx/internal/stats/pure.go:334.2,334.15 1 1
github.com/awsl-project/maxx/internal/stats/pure.go:339.95,341.26 2 1
github.com/awsl-project/maxx/internal/stats/pure.go:341.26,342.62 1 1
github.com/awsl-project/maxx/internal/stats/pure.go:342.62,344.4 1 1
github.com/awsl-project/maxx/internal/stats/pure.go:346.2,346.15 1 1
